AppClienteTaxiBigWay/demo/build/outputs/logs/manifest-merger-debug-report.txt
-- Merging decision tree log ---
manifest
ADDED from AppClienteTaxiBigWay\demo\AndroidManifest.xml:2:1-66:12
	package
		ADDED from AppClienteTaxiBigWay\demo\AndroidManifest.xml:3:11-55
	android:versionName
		ADDED from AppClienteTaxiBigWay\demo\AndroidManifest.xml:5:11-36
		INJECTED from AppClienteTaxiBigWay\demo\AndroidManifest.xml
		INJECTED from AppClienteTaxiBigWay\demo\AndroidManifest.xml
	android:versionCode
		ADDED from AppClienteTaxiBigWay\demo\AndroidManifest.xml:4:11-34
		INJECTED from AppClienteTaxiBigWay\demo\AndroidManifest.xml
		INJECTED from AppClienteTaxiBigWay\demo\AndroidManifest.xml
	xmlns:android
		ADDED from AppClienteTaxiBigWay\demo\AndroidManifest.xml:2:11-69
uses-sdk
ADDED from AppClienteTaxiBigWay\demo\AndroidManifest.xml:7:5-9:44
MERGED from [com.google.maps.android:library:unspecified] AndroidManifest.xml:5:5-43
MERGED from [com.google.android.gms:play-services-location:8.4.0] AndroidManifest.xml:18:5-42
MERGED from [com.google.android.gms:play-services-base:8.4.0] AndroidManifest.xml:18:5-42
MERGED from [com.google.android.gms:play-services-basement:8.4.0] AndroidManifest.xml:18:5-42
MERGED from [com.android.support:support-v4:23.0.0] AndroidManifest.xml:20:5-43
MERGED from [com.google.android.gms:play-services-maps:8.4.0] AndroidManifest.xml:26:5-42
MERGED from [com.google.android.gms:play-services-base:8.4.0] AndroidManifest.xml:18:5-42
MERGED from [com.google.android.gms:play-services-basement:8.4.0] AndroidManifest.xml:18:5-42
MERGED from [com.android.support:support-v4:23.0.0] AndroidManifest.xml:20:5-43
MERGED from [com.google.android.gms:play-services-maps:8.4.0] AndroidManifest.xml:26:5-42
MERGED from [com.google.android.gms:play-services-base:8.4.0] AndroidManifest.xml:18:5-42
MERGED from [com.google.android.gms:play-services-basement:8.4.0] AndroidManifest.xml:18:5-42
MERGED from [com.android.support:support-v4:23.0.0] AndroidManifest.xml:20:5-43
MERGED from [com.google.android.gms:play-services-location:8.4.0] AndroidManifest.xml:18:5-42
MERGED from [com.google.android.gms:play-services-base:8.4.0] AndroidManifest.xml:18:5-42
MERGED from [com.google.android.gms:play-services-basement:8.4.0] AndroidManifest.xml:18:5-42
MERGED from [com.android.support:support-v4:23.0.0] AndroidManifest.xml:20:5-43
MERGED from [com.google.android.gms:play-services-maps:8.4.0] AndroidManifest.xml:26:5-42
MERGED from [com.google.android.gms:play-services-base:8.4.0] AndroidManifest.xml:18:5-42
MERGED from [com.google.android.gms:play-services-basement:8.4.0] AndroidManifest.xml:18:5-42
MERGED from [com.android.support:support-v4:23.0.0] AndroidManifest.xml:20:5-43
MERGED from [com.google.android.gms:play-services-maps:8.4.0] AndroidManifest.xml:26:5-42
MERGED from [com.google.android.gms:play-services-base:8.4.0] AndroidManifest.xml:18:5-42
MERGED from [com.google.android.gms:play-services-basement:8.4.0] AndroidManifest.xml:18:5-42
MERGED from [com.android.support:support-v4:23.0.0] AndroidManifest.xml:20:5-43
	android:targetSdkVersion
		ADDED from AppClienteTaxiBigWay\demo\AndroidManifest.xml:9:13-42
	android:minSdkVersion
		ADDED from AppClienteTaxiBigWay\demo\AndroidManifest.xml:8:13-38
permission#com.google.maps.android.utils.permission.MAPS_RECEIVE
ADDED from AppClienteTaxiBigWay\demo\AndroidManifest.xml:11:5-13:50
	android:protectionLevel
		ADDED from AppClienteTaxiBigWay\demo\AndroidManifest.xml:13:13-48
	android:name
		ADDED from AppClienteTaxiBigWay\demo\AndroidManifest.xml:12:13-81
uses-permission#com.google.maps.android.utils.permission.MAPS_RECEIVE
ADDED from AppClienteTaxiBigWay\demo\AndroidManifest.xml:14:5-92
	android:name
		ADDED from AppClienteTaxiBigWay\demo\AndroidManifest.xml:14:22-90
uses-permission#android.permission.INTERNET
ADDED from AppClienteTaxiBigWay\demo\AndroidManifest.xml:16:5-66
MERGED from [com.google.android.gms:play-services-maps:8.4.0] AndroidManifest.xml:21:5-66
MERGED from [com.google.android.gms:play-services-maps:8.4.0] AndroidManifest.xml:21:5-66
MERGED from [com.google.android.gms:play-services-maps:8.4.0] AndroidManifest.xml:21:5-66
MERGED from [com.google.android.gms:play-services-maps:8.4.0] AndroidManifest.xml:21:5-66
	android:name
		ADDED from AppClienteTaxiBigWay\demo\AndroidManifest.xml:16:22-64
uses-permission#android.permission.ACCESS_NETWORK_STATE
ADDED from AppClienteTaxiBigWay\demo\AndroidManifest.xml:17:5-78
MERGED from [com.google.android.gms:play-services-maps:8.4.0] AndroidManifest.xml:20:5-78
MERGED from [com.google.android.gms:play-services-maps:8.4.0] AndroidManifest.xml:20:5-78
MERGED from [com.google.android.gms:play-services-maps:8.4.0] AndroidManifest.xml:20:5-78
MERGED from [com.google.android.gms:play-services-maps:8.4.0] AndroidManifest.xml:20:5-78
	android:name
		ADDED from AppClienteTaxiBigWay\demo\AndroidManifest.xml:17:22-76
uses-permission#android.permission.WRITE_EXTERNAL_STORAGE
ADDED from AppClienteTaxiBigWay\demo\AndroidManifest.xml:18:5-80
	android:name
		ADDED from AppClienteTaxiBigWay\demo\AndroidManifest.xml:18:22-78
uses-permission#com.google.android.providers.gsf.permission.READ_GSERVICES
ADDED from AppClienteTaxiBigWay\demo\AndroidManifest.xml:19:5-97
	android:name
		ADDED from AppClienteTaxiBigWay\demo\AndroidManifest.xml:19:22-95
uses-permission#android.permission.ACCESS_COARSE_LOCATION
ADDED from AppClienteTaxiBigWay\demo\AndroidManifest.xml:21:5-80
	android:name
		ADDED from AppClienteTaxiBigWay\demo\AndroidManifest.xml:21:22-78
uses-permission#android.permission.ACCESS_FINE_LOCATION
ADDED from AppClienteTaxiBigWay\demo\AndroidManifest.xml:22:5-78
	android:name
		ADDED from AppClienteTaxiBigWay\demo\AndroidManifest.xml:22:22-76
uses-feature#0x00020000
ADDED from AppClienteTaxiBigWay\demo\AndroidManifest.xml:24:5-26:38
MERGED from [com.google.android.gms:play-services-maps:8.4.0] AndroidManifest.xml:22:5-24:33
MERGED from [com.google.android.gms:play-services-maps:8.4.0] AndroidManifest.xml:22:5-24:33
MERGED from [com.google.android.gms:play-services-maps:8.4.0] AndroidManifest.xml:22:5-24:33
MERGED from [com.google.android.gms:play-services-maps:8.4.0] AndroidManifest.xml:22:5-24:33
	android:glEsVersion
		ADDED from AppClienteTaxiBigWay\demo\AndroidManifest.xml:25:13-45
	android:required
		ADDED from AppClienteTaxiBigWay\demo\AndroidManifest.xml:26:13-36
application
ADDED from AppClienteTaxiBigWay\demo\AndroidManifest.xml:28:5-64:19
MERGED from [com.google.maps.android:library:unspecified] AndroidManifest.xml:7:5-11:19
MERGED from [com.google.android.gms:play-services-location:8.4.0] AndroidManifest.xml:19:5-20
MERGED from [com.google.android.gms:play-services-basement:8.4.0] AndroidManifest.xml:20:5-24:19
MERGED from [com.android.support:support-v4:23.0.0] AndroidManifest.xml:22:5-20
MERGED from [com.google.android.gms:play-services-maps:8.4.0] AndroidManifest.xml:27:5-20
MERGED from [com.google.android.gms:play-services-basement:8.4.0] AndroidManifest.xml:20:5-24:19
MERGED from [com.android.support:support-v4:23.0.0] AndroidManifest.xml:22:5-20
MERGED from [com.google.android.gms:play-services-maps:8.4.0] AndroidManifest.xml:27:5-20
MERGED from [com.google.android.gms:play-services-basement:8.4.0] AndroidManifest.xml:20:5-24:19
MERGED from [com.android.support:support-v4:23.0.0] AndroidManifest.xml:22:5-20
MERGED from [com.google.android.gms:play-services-location:8.4.0] AndroidManifest.xml:19:5-20
MERGED from [com.google.android.gms:play-services-basement:8.4.0] AndroidManifest.xml:20:5-24:19
MERGED from [com.android.support:support-v4:23.0.0] AndroidManifest.xml:22:5-20
MERGED from [com.google.android.gms:play-services-maps:8.4.0] AndroidManifest.xml:27:5-20
MERGED from [com.google.android.gms:play-services-basement:8.4.0] AndroidManifest.xml:20:5-24:19
MERGED from [com.android.support:support-v4:23.0.0] AndroidManifest.xml:22:5-20
MERGED from [com.google.android.gms:play-services-maps:8.4.0] AndroidManifest.xml:27:5-20
MERGED from [com.google.android.gms:play-services-basement:8.4.0] AndroidManifest.xml:20:5-24:19
MERGED from [com.android.support:support-v4:23.0.0] AndroidManifest.xml:22:5-20
	android:label
		ADDED from AppClienteTaxiBigWay\demo\AndroidManifest.xml:30:13-45
	android:allowBackup
		ADDED from AppClienteTaxiBigWay\demo\AndroidManifest.xml:32:13-40
	android:icon
		ADDED from AppClienteTaxiBigWay\demo\AndroidManifest.xml:29:13-49
	android:theme
		ADDED from AppClienteTaxiBigWay\demo\AndroidManifest.xml:31:13-54
meta-data#com.google.android.gms.version
ADDED from AppClienteTaxiBigWay\demo\AndroidManifest.xml:34:9-36:73
MERGED from [com.google.maps.android:library:unspecified] AndroidManifest.xml:8:9-10:69
MERGED from [com.google.android.gms:play-services-basement:8.4.0] AndroidManifest.xml:21:9-23:69
MERGED from [com.google.android.gms:play-services-basement:8.4.0] AndroidManifest.xml:21:9-23:69
MERGED from [com.google.android.gms:play-services-basement:8.4.0] AndroidManifest.xml:21:9-23:69
MERGED from [com.google.android.gms:play-services-basement:8.4.0] AndroidManifest.xml:21:9-23:69
MERGED from [com.google.android.gms:play-services-basement:8.4.0] AndroidManifest.xml:21:9-23:69
MERGED from [com.google.android.gms:play-services-basement:8.4.0] AndroidManifest.xml:21:9-23:69
	android:value
		ADDED from AppClienteTaxiBigWay\demo\AndroidManifest.xml:36:17-70
	android:name
		ADDED from AppClienteTaxiBigWay\demo\AndroidManifest.xml:35:17-62
meta-data#com.google.android.maps.v2.API_KEY
ADDED from AppClienteTaxiBigWay\demo\AndroidManifest.xml:38:9-40:74
	android:value
		ADDED from AppClienteTaxiBigWay\demo\AndroidManifest.xml:40:17-72
	android:name
		ADDED from AppClienteTaxiBigWay\demo\AndroidManifest.xml:39:17-66
activity#com.google.maps.android.utils.demo.MainActivity
ADDED from AppClienteTaxiBigWay\demo\AndroidManifest.xml:42:9-49:20
	android:label
		ADDED from AppClienteTaxiBigWay\demo\AndroidManifest.xml:44:17-49
	android:name
		ADDED from AppClienteTaxiBigWay\demo\AndroidManifest.xml:43:17-45
intent-filter#android.intent.action.MAIN+android.intent.category.LAUNCHER
ADDED from AppClienteTaxiBigWay\demo\AndroidManifest.xml:45:13-48:29
action#android.intent.action.MAIN
ADDED from AppClienteTaxiBigWay\demo\AndroidManifest.xml:46:17-68
	android:name
		ADDED from AppClienteTaxiBigWay\demo\AndroidManifest.xml:46:25-66
category#android.intent.category.LAUNCHER
ADDED from AppClienteTaxiBigWay\demo\AndroidManifest.xml:47:17-76
	android:name
		ADDED from AppClienteTaxiBigWay\demo\AndroidManifest.xml:47:27-74
activity#com.google.maps.android.utils.demo.PolyDecodeDemoActivity
ADDED from AppClienteTaxiBigWay\demo\AndroidManifest.xml:51:9-59
	android:name
		ADDED from AppClienteTaxiBigWay\demo\AndroidManifest.xml:51:19-57
activity#com.google.maps.android.utils.demo.PolySimplifyDemoActivity
ADDED from AppClienteTaxiBigWay\demo\AndroidManifest.xml:52:9-61
	android:name
		ADDED from AppClienteTaxiBigWay\demo\AndroidManifest.xml:52:19-59
activity#com.google.maps.android.utils.demo.IconGeneratorDemoActivity
ADDED from AppClienteTaxiBigWay\demo\AndroidManifest.xml:53:9-62
	android:name
		ADDED from AppClienteTaxiBigWay\demo\AndroidManifest.xml:53:19-60
activity#com.google.maps.android.utils.demo.DistanceDemoActivity
ADDED from AppClienteTaxiBigWay\demo\AndroidManifest.xml:54:9-57
	android:name
		ADDED from AppClienteTaxiBigWay\demo\AndroidManifest.xml:54:19-55
activity#com.google.maps.android.utils.demo.ClusteringDemoActivity
ADDED from AppClienteTaxiBigWay\demo\AndroidManifest.xml:55:9-59
	android:name
		ADDED from AppClienteTaxiBigWay\demo\AndroidManifest.xml:55:19-57
activity#com.google.maps.android.utils.demo.BigClusteringDemoActivity
ADDED from AppClienteTaxiBigWay\demo\AndroidManifest.xml:56:9-62
	android:name
		ADDED from AppClienteTaxiBigWay\demo\AndroidManifest.xml:56:19-60
activity#com.google.maps.android.utils.demo.CustomMarkerClusteringDemoActivity
ADDED from AppClienteTaxiBigWay\demo\AndroidManifest.xml:57:9-71
	android:name
		ADDED from AppClienteTaxiBigWay\demo\AndroidManifest.xml:57:19-69
activity#com.google.maps.android.utils.demo.TileProviderAndProjectionDemo
ADDED from AppClienteTaxiBigWay\demo\AndroidManifest.xml:58:9-66
	android:name
		ADDED from AppClienteTaxiBigWay\demo\AndroidManifest.xml:58:19-64
activity#com.google.maps.android.utils.demo.HeatmapsDemoActivity
ADDED from AppClienteTaxiBigWay\demo\AndroidManifest.xml:59:9-57
	android:name
		ADDED from AppClienteTaxiBigWay\demo\AndroidManifest.xml:59:19-55
activity#com.google.maps.android.utils.demo.HeatmapsPlacesDemoActivity
ADDED from AppClienteTaxiBigWay\demo\AndroidManifest.xml:60:9-63
	android:name
		ADDED from AppClienteTaxiBigWay\demo\AndroidManifest.xml:60:19-61
activity#com.google.maps.android.utils.demo.GeoJsonDemoActivity
ADDED from AppClienteTaxiBigWay\demo\AndroidManifest.xml:61:9-56
	android:name
		ADDED from AppClienteTaxiBigWay\demo\AndroidManifest.xml:61:19-54
activity#com.google.maps.android.utils.demo.KmlDemoActivity
ADDED from AppClienteTaxiBigWay\demo\AndroidManifest.xml:62:9-52
	android:name
		ADDED from AppClienteTaxiBigWay\demo\AndroidManifest.xml:62:19-50